SF:lib/ui/components/two_numbers_operation.dart
DA:10,2
DA:16,2
DA:18,2
DA:19,2
DA:29,2
DA:31,2
DA:32,6
DA:33,6
DA:34,4
DA:35,4
DA:36,2
DA:37,8
DA:41,6
DA:42,6
DA:43,4
DA:44,4
DA:45,2
DA:46,8
DA:52,2
DA:54,2
DA:55,2
DA:56,2
DA:57,2
DA:58,4
DA:59,2
DA:64,2
DA:66,2
DA:67,6
DA:69,6
DA:71,6
DA:74,2
DA:79,2
DA:80,2
DA:81,4
DA:82,2
DA:87,2
DA:89,2
DA:91,2
DA:92,8
DA:93,2
DA:103,2
DA:105,4
DA:106,4
DA:107,2
DA:110,2
DA:113,6
DA:114,6
DA:115,6
DA:116,6
DA:117,6
DA:118,6
DA:119,6
LF:52
LH:52
end_of_record
SF:lib/calculator_app.dart
DA:7,1
DA:9,1
DA:11,1
LF:3
LH:3
end_of_record
SF:lib/ui/screens/home_screen.dart
DA:13,1
DA:15,1
DA:17,1
DA:19,1
DA:20,1
DA:21,1
DA:23,1
DA:25,1
DA:26,1
DA:27,1
DA:28,1
DA:32,1
DA:35,1
DA:36,1
DA:37,1
DA:41,1
DA:44,1
DA:45,1
DA:46,1
DA:50,1
DA:53,1
DA:54,1
DA:55,1
DA:59,1
DA:62,1
DA:63,1
DA:64,1
DA:67,1
DA:69,1
DA:70,1
DA:71,1
DA:73,1
DA:84,1
DA:87,1
DA:89,1
DA:91,2
DA:92,1
DA:93,1
DA:94,1
LF:39
LH:39
end_of_record
SF:lib/ui/components/square_operation.dart
DA:10,2
DA:14,2
DA:16,2
DA:17,2
DA:25,2
DA:27,2
DA:28,6
DA:29,6
DA:30,4
DA:31,4
DA:32,4
DA:33,2
DA:34,2
DA:40,2
DA:42,2
DA:43,2
DA:44,2
DA:45,2
DA:46,4
DA:47,2
DA:52,2
DA:54,2
DA:56,2
DA:57,4
DA:62,2
DA:63,2
DA:65,2
DA:66,8
DA:67,2
DA:77,2
DA:79,4
DA:80,2
DA:83,2
DA:86,8
LF:34
LH:34
end_of_record
SF:lib/ui/components/pi_value.dart
DA:9,2
DA:12,2
DA:14,2
DA:15,2
DA:21,2
DA:23,2
DA:24,10
DA:25,4
DA:26,2
DA:31,2
DA:33,2
DA:34,2
DA:35,2
DA:36,2
DA:37,2
DA:38,8
DA:39,2
LF:17
LH:17
end_of_record
